0 info it worked if it ends with ok
1 verbose cli [ 'node',
1 verbose cli   '/usr/local/bin/npm',
1 verbose cli   'install',
1 verbose cli   'fontawesome',
1 verbose cli   '--save' ]
2 info using npm@2.12.1
3 info using node@v0.12.7
4 verbose node symlink /usr/local/bin/node
5 verbose install initial load of /Users/Brandon/WebstormProjects/solo_resume/package.json
6 warn package.json solo_resume@1.0.0 No repository field.
7 warn package.json solo_resume@1.0.0 No README data
8 verbose installManyTop reading scoped package data from /Users/Brandon/WebstormProjects/solo_resume/node_modules/bootstrap/package.json
9 verbose installManyTop reading scoped package data from /Users/Brandon/WebstormProjects/solo_resume/node_modules/express/package.json
10 verbose installManyTop reading scoped package data from /Users/Brandon/WebstormProjects/solo_resume/node_modules/grunt/package.json
11 verbose installManyTop reading scoped package data from /Users/Brandon/WebstormProjects/solo_resume/node_modules/grunt-contrib-copy/package.json
12 verbose installManyTop reading scoped package data from /Users/Brandon/WebstormProjects/solo_resume/node_modules/grunt-contrib-uglify/package.json
13 verbose installManyTop reading scoped package data from /Users/Brandon/WebstormProjects/solo_resume/node_modules/jquery/package.json
14 verbose installManyTop reading scoped package data from /Users/Brandon/WebstormProjects/solo_resume/node_modules/path/package.json
15 info package.json grunt@0.4.5 No license field.
16 info package.json grunt-contrib-copy@0.8.0 No license field.
17 info package.json grunt-contrib-uglify@0.9.1 No license field.
18 info package.json jquery@2.1.4 No license field.
19 info package.json path@0.11.14 path is also the name of a node core module.
20 verbose readDependencies loading dependencies from /Users/Brandon/WebstormProjects/solo_resume/package.json
21 silly cache add args [ 'fontawesome', null ]
22 verbose cache add spec fontawesome
23 silly cache add parsed spec { raw: 'fontawesome',
23 silly cache add   scope: null,
23 silly cache add   name: 'fontawesome',
23 silly cache add   rawSpec: '',
23 silly cache add   spec: '*',
23 silly cache add   type: 'range' }
24 silly addNamed fontawesome@*
25 verbose addNamed "*" is a valid semver range for fontawesome
26 silly addNameRange { name: 'fontawesome', range: '*', hasData: false }
27 silly mapToRegistry name fontawesome
28 silly mapToRegistry using default registry
29 silly mapToRegistry registry https://registry.npmjs.org/
30 silly mapToRegistry uri https://registry.npmjs.org/fontawesome
31 verbose addNameRange registry:https://registry.npmjs.org/fontawesome not in flight; fetching
32 verbose request uri https://registry.npmjs.org/fontawesome
33 verbose request no auth needed
34 info attempt registry request try #1 at 16:23:04
35 verbose request id ea916ae7b2f35ed5
36 http request GET https://registry.npmjs.org/fontawesome
37 http 404 https://registry.npmjs.org/fontawesome
38 verbose headers { server: 'CouchDB/1.5.0 (Erlang OTP/R16B03)',
38 verbose headers   'content-type': 'application/json',
38 verbose headers   'cache-control': 'max-age=0',
38 verbose headers   'content-length': '51',
38 verbose headers   'accept-ranges': 'bytes',
38 verbose headers   date: 'Wed, 29 Jul 2015 21:23:04 GMT',
38 verbose headers   via: '1.1 varnish',
38 verbose headers   age: '0',
38 verbose headers   connection: 'keep-alive',
38 verbose headers   'x-served-by': 'cache-dfw1823-DFW',
38 verbose headers   'x-cache': 'MISS',
38 verbose headers   'x-cache-hits': '0',
38 verbose headers   'x-timer': 'S1438204984.452865,VS0,VE69' }
39 silly get cb [ 404,
39 silly get   { server: 'CouchDB/1.5.0 (Erlang OTP/R16B03)',
39 silly get     'content-type': 'application/json',
39 silly get     'cache-control': 'max-age=0',
39 silly get     'content-length': '51',
39 silly get     'accept-ranges': 'bytes',
39 silly get     date: 'Wed, 29 Jul 2015 21:23:04 GMT',
39 silly get     via: '1.1 varnish',
39 silly get     age: '0',
39 silly get     connection: 'keep-alive',
39 silly get     'x-served-by': 'cache-dfw1823-DFW',
39 silly get     'x-cache': 'MISS',
39 silly get     'x-cache-hits': '0',
39 silly get     'x-timer': 'S1438204984.452865,VS0,VE69' } ]
40 verbose stack Error: 404 Not Found: fontawesome
40 verbose stack     at CachingRegistryClient.<anonymous> (/usr/local/lib/node_modules/npm/node_modules/npm-registry-client/lib/request.js:245:14)
40 verbose stack     at Request._callback (/usr/local/lib/node_modules/npm/node_modules/npm-registry-client/lib/request.js:170:14)
40 verbose stack     at Request.self.callback (/usr/local/lib/node_modules/npm/node_modules/request/request.js:197:22)
40 verbose stack     at Request.emit (events.js:110:17)
40 verbose stack     at Request.<anonymous> (/usr/local/lib/node_modules/npm/node_modules/request/request.js:1050:14)
40 verbose stack     at Request.emit (events.js:129:20)
40 verbose stack     at IncomingMessage.<anonymous> (/usr/local/lib/node_modules/npm/node_modules/request/request.js:996:12)
40 verbose stack     at IncomingMessage.emit (events.js:129:20)
40 verbose stack     at _stream_readable.js:908:16
40 verbose stack     at process._tickCallback (node.js:355:11)
41 verbose statusCode 404
42 verbose pkgid fontawesome
43 verbose cwd /Users/Brandon/WebstormProjects/solo_resume
44 error Darwin 14.3.0
45 error argv "node" "/usr/local/bin/npm" "install" "fontawesome" "--save"
46 error node v0.12.7
47 error npm  v2.12.1
48 error code E404
49 error 404 Not Found: fontawesome
49 error 404
49 error 404 'fontawesome' is not in the npm registry.
49 error 404 You should bug the author to publish it (or use the name yourself!)
49 error 404 It was specified as a dependency of 'solo_resume'
49 error 404
49 error 404 Note that you can also install from a
49 error 404 tarball, folder, http url, or git url.
50 verbose exit [ 1, true ]
